#
# An unexpected error has been detected by Java Runtime Environment:
#
#  Internal Error (os_windows_x86.cpp:117), pid=4896, tid=6112
#  Error: guarantee(result == -1,"Unexpected result from topLevelExceptionFilter")
#
# Java VM: Java HotSpot(TM) 64-Bit Server VM (11.2-b01 mixed mode windows-amd64)
# If you would like to submit a bug report, please visit:
#   http://java.sun.com/webapps/bugreport/crash.jsp
# The crash happened outside the Java Virtual Machine in native code.
# See problematic frame for where to report the bug.
#

---------------  T H R E A D  ---------------

Current thread (0x000000000169ec00):  JavaThread "main" [_thread_in_native, id=6112, stack(0x0000000000030000,0x0000000001030000)]

Stack: [0x0000000000030000,0x0000000001030000]
[error occurred during error reporting (printing stack bounds), id 0xc0000005]


[error occurred during error reporting (printing native stack), id 0xc0000005]

Java frames: (J=compiled Java code, j=interpreted, Vv=VM code)
j  com.mathworks.jmi.NativeMatlab.PostMatlabMessage(Ljava/lang/Object;J)V+0
j  com.mathworks.jmi.NativeMatlab.postMatlabMessage(Ljava/lang/Object;J)V+3
j  com.mathworks.jmi.NativeMatlab.postMatlabMessage(Ljava/lang/Object;)V+6
j  com.mathworks.jmi.MatlabLooper.postMatlabMessage(Lcom/mathworks/services/message/MWMessage;Lcom/mathworks/services/message/MWHandler;)V+30
j  com.mathworks.jmi.MatlabMCR.postAsync(Lcom/mathworks/services/message/MWMessage;Lcom/mathworks/jmi/CompletionObserver;Lcom/mathworks/jmi/MatlabListener;)V+34
j  com.mathworks.jmi.MatlabMCR.stderrString(Ljava/lang/String;)V+42
j  com.mathworks.jmi.MatlabErrStream.flush()V+19
j  java.io.PrintStream.write([BII)V+30
j  sun.nio.cs.StreamEncoder.writeBytes()V+120
j  sun.nio.cs.StreamEncoder.implFlushBuffer()V+11
j  sun.nio.cs.StreamEncoder.flushBuffer()V+15
j  java.io.OutputStreamWriter.flushBuffer()V+4
j  java.io.PrintStream.write(Ljava/lang/String;)V+27
j  java.io.PrintStream.print(Ljava/lang/String;)V+9
j  java.io.PrintStream.println(Ljava/lang/Object;)V+11
j  java.lang.Throwable.printStackTrace(Ljava/io/PrintStream;)V+6
j  java.lang.Throwable.printStackTrace()V+4
v  ~StubRoutines::call_stub
j  com.mathworks.jmi.NativeMatlab.PostMatlabMessage(Ljava/lang/Object;J)V+0
j  com.mathworks.jmi.NativeMatlab.postMatlabMessage(Ljava/lang/Object;J)V+3
j  com.mathworks.jmi.NativeMatlab.postMatlabMessage(Ljava/lang/Object;)V+6
j  com.mathworks.jmi.MatlabLooper.postMatlabMessage(Lcom/mathworks/services/message/MWMessage;Lcom/mathworks/services/message/MWHandler;)V+30
j  com.mathworks.jmi.MatlabMCR.postAsync(Lcom/mathworks/services/message/MWMessage;Lcom/mathworks/jmi/CompletionObserver;Lcom/mathworks/jmi/MatlabListener;)V+34
j  com.mathworks.jmi.MatlabMCR.stderrString(Ljava/lang/String;)V+42
j  com.mathworks.jmi.MatlabErrStream.flush()V+19
j  java.io.PrintStream.write([BII)V+30
j  sun.nio.cs.StreamEncoder.writeBytes()V+120
j  sun.nio.cs.StreamEncoder.implFlushBuffer()V+11
j  sun.nio.cs.StreamEncoder.flushBuffer()V+15
j  java.io.OutputStreamWriter.flushBuffer()V+4
j  java.io.PrintStream.write(Ljava/lang/String;)V+27
j  java.io.PrintStream.print(Ljava/lang/String;)V+9
j  java.io.PrintStream.println(Ljava/lang/Object;)V+11
j  java.lang.Throwable.printStackTrace(Ljava/io/PrintStream;)V+6
j  java.lang.Throwable.printStackTrace()V+4
v  ~StubRoutines::call_stub
j  com.mathworks.jmi.NativeMatlab.PostMatlabMessage(Ljava/lang/Object;J)V+0
j  com.mathworks.jmi.NativeMatlab.postMatlabMessage(Ljava/lang/Object;J)V+3
j  com.mathworks.jmi.NativeMatlab.postMatlabMessage(Ljava/lang/Object;)V+6
j  com.mathworks.jmi.MatlabLooper.postMatlabMessage(Lcom/mathworks/services/message/MWMessage;Lcom/mathworks/services/message/MWHandler;)V+30
j  com.mathworks.jmi.MatlabMCR.postAsync(Lcom/mathworks/services/message/MWMessage;Lcom/mathworks/jmi/CompletionObserver;Lcom/mathworks/jmi/MatlabListener;)V+34
j  com.mathworks.jmi.MatlabMCR.stderrString(Ljava/lang/String;)V+42
j  com.mathworks.jmi.MatlabErrStream.flush()V+19
j  java.io.PrintStream.write([BII)V+30
j  sun.nio.cs.StreamEncoder.writeBytes()V+120
j  sun.nio.cs.StreamEncoder.implFlushBuffer()V+11
j  sun.nio.cs.StreamEncoder.flushBuffer()V+15
j  java.io.OutputStreamWriter.flushBuffer()V+4
j  java.io.PrintStream.write(Ljava/lang/String;)V+27
j  java.io.PrintStream.print(Ljava/lang/String;)V+9
j  java.io.PrintStream.println(Ljava/lang/Object;)V+11
j  java.lang.Throwable.printStackTrace(Ljava/io/PrintStream;)V+6
j  java.lang.Throwable.printStackTrace()V+4
v  ~StubRoutines::call_stub

---------------  P R O C E S S  ---------------

Java Threads: ( => current thread )
  0x0000000030866c00 JavaThread "Thread-320" [_thread_blocked, id=2092, stack(0x000000002b520000,0x000000002b5a0000)]
  0x0000000030865800 JavaThread "Thread-319" [_thread_blocked, id=5772, stack(0x0000000034350000,0x00000000343d0000)]
  0x0000000030868000 JavaThread "Thread-318" [_thread_blocked, id=1096, stack(0x000000003e710000,0x000000003e790000)]
  0x0000000030867400 JavaThread "Thread-317" [_thread_blocked, id=2924, stack(0x000000003d4b0000,0x000000003d530000)]
  0x0000000030865000 JavaThread "Timer queue for AWT thread" daemon [_thread_blocked, id=5328, stack(0x0000000033230000,0x00000000332b0000)]
  0x0000000031c25400 JavaThread "Prefs Updater" daemon [_thread_blocked, id=2440, stack(0x000000002b7b0000,0x000000002b830000)]
  0x0000000031c25800 JavaThread "Foxtrot Single Worker Thread #1" daemon [_thread_blocked, id=1476, stack(0x0000000031470000,0x00000000314f0000)]
  0x0000000031c21c00 JavaThread "Active Reference Queue Daemon" daemon [_thread_blocked, id=1036, stack(0x0000000033060000,0x00000000330e0000)]
  0x0000000031c1fc00 JavaThread "Timer-2" daemon [_thread_blocked, id=4716, stack(0x0000000032da0000,0x0000000032e20000)]
  0x0000000031c21400 JavaThread "FelixPackageAdmin" daemon [_thread_blocked, id=3208, stack(0x0000000032fe0000,0x0000000033060000)]
  0x0000000031c20c00 JavaThread "FelixStartLevel" daemon [_thread_blocked, id=4524, stack(0x0000000032f60000,0x0000000032fe0000)]
  0x0000000031c20400 JavaThread "FelixDispatchQueue" daemon [_thread_blocked, id=2472, stack(0x0000000032ee0000,0x0000000032f60000)]
  0x0000000031adf000 JavaThread "Timer-1" daemon [_thread_blocked, id=4392, stack(0x0000000032d20000,0x0000000032da0000)]
  0x0000000030fd5400 JavaThread "TimerQueue" daemon [_thread_blocked, id=5620, stack(0x00000000319c0000,0x0000000031a40000)]
  0x0000000030e64400 JavaThread "AWT-Windows" daemon [_thread_in_native, id=5200, stack(0x00000000313f0000,0x0000000031470000)]
  0x0000000030e63c00 JavaThread "AWT-Shutdown" [_thread_blocked, id=456, stack(0x0000000031370000,0x00000000313f0000)]
  0x0000000030e63400 JavaThread "Java2D Disposer" daemon [_thread_blocked, id=4800, stack(0x000000002c420000,0x000000002c4a0000)]
  0x00000000308a6c00 JavaThread "Timer-0" [_thread_blocked, id=6020, stack(0x000000002c3a0000,0x000000002c420000)]
  0x00000000307f5800 JavaThread "JMI Unnamed Thread" [_thread_in_native, id=2324, stack(0x0000000005f00000,0x0000000006f00000)]
  0x000000002c646000 JavaThread "Low Memory Detector" daemon [_thread_blocked, id=3396, stack(0x000000002c320000,0x000000002c3a0000)]
  0x000000002c63f800 JavaThread "CompilerThread1" daemon [_thread_blocked, id=6056, stack(0x000000002e6b0000,0x000000002f6b0000)]
  0x000000002c63bc00 JavaThread "CompilerThread0" daemon [_thread_blocked, id=4356, stack(0x000000002d6b0000,0x000000002e6b0000)]
  0x000000002c63b800 JavaThread "Attach Listener" daemon [_thread_blocked, id=3240, stack(0x0000000006f80000,0x0000000007000000)]
  0x000000002c61d800 JavaThread "Finalizer" daemon [_thread_blocked, id=2892, stack(0x0000000006f00000,0x0000000006f80000)]
  0x000000002c60d800 JavaThread "Reference Handler" daemon [_thread_blocked, id=4916, stack(0x0000000005d60000,0x0000000005de0000)]
=>0x000000000169ec00 JavaThread "main" [_thread_in_native, id=6112, stack(0x0000000000030000,0x0000000001030000)]

Other Threads:
  0x000000002c602c00 VMThread [stack: 0x000000002c6b0000,0x000000002d6b0000] [id=2368]
  0x000000002c672400 WatcherThread [stack: 0x000000002f6b0000,0x00000000306b0000] [id=5960]

VM state:at safepoint (normal execution)

VM Mutex/Monitor currently owned by a thread:  ([mutex/lock_event])
[0x00000000017107b0] UNKNOWN - owner thread: 0x000000002c602c00
[0x0000000001710d50] UNKNOWN - owner thread: 0x0000000030fd5400

Heap
 PSYoungGen      total 15168K, used 13951K [0x00000000203f0000, 0x00000000213f0000, 0x00000000234f0000)
  eden space 13952K, 99% used [0x00000000203f0000,0x000000002118fff0,0x0000000021190000)
  from space 1216K, 0% used [0x0000000021190000,0x0000000021190000,0x00000000212c0000)
  to   space 1216K, 0% used [0x00000000212c0000,0x00000000212c0000,0x00000000213f0000)
 PSOldGen        total 150528K, used 150527K [0x00000000170f0000, 0x00000000203f0000, 0x00000000203f0000)
  object space 150528K, 99% used [0x00000000170f0000,0x00000000203efdf8,0x00000000203f0000)
 PSPermGen       total 53632K, used 53350K [0x000000000f0f0000, 0x0000000012550000, 0x00000000170f0000)
  object space 53632K, 99% used [0x000000000f0f0000,0x0000000012509bc8,0x0000000012550000)

Dynamic libraries:
0x0000000140000000 - 0x000000014002a000 	C:\Program Files\MATLAB\R2010a\bin\win64\MATLAB.exe
0x0000000077530000 - 0x00000000776db000 	C:\Windows\SYSTEM32\ntdll.dll
0x0000000077310000 - 0x000000007742f000 	C:\Windows\system32\kernel32.dll
0x000007fefd710000 - 0x000007fefd77b000 	C:\Windows\system32\KERNELBASE.dll
0x000000007ce80000 - 0x000000007cf96000 	C:\Program Files\MATLAB\R2010a\bin\win64\libut.dll
0x000007fefd860000 - 0x000007fefd877000 	C:\Windows\system32\imagehlp.dll
0x000007feff360000 - 0x000007feff3ff000 	C:\Windows\system32\msvcrt.dll
0x00000000776f0000 - 0x00000000776f7000 	C:\Windows\system32\PSAPI.DLL
0x000000007d660000 - 0x000000007d688000 	C:\Program Files\MATLAB\R2010a\bin\win64\LIBEXPAT.dll
0x0000000074280000 - 0x0000000074349000 	C:\Windows\WinSxS\amd64_microsoft.vc80.crt_1fc8b3b9a1e18e3b_8.0.50727.4927_none_88dce9872fb18caf\MSVCR80.dll
0x000000007d380000 - 0x000000007d4ac000 	C:\Program Files\MATLAB\R2010a\bin\win64\icuuc40.dll
0x000007fefdf60000 - 0x000007fefe03b000 	C:\Windows\system32\ADVAPI32.dll
0x000007fefe2a0000 - 0x000007fefe2bf000 	C:\Windows\SYSTEM32\sechost.dll
0x000007fefe170000 - 0x000007fefe29e000 	C:\Windows\system32\RPCRT4.dll
0x000000007c8b0000 - 0x000000007c8b3000 	C:\Program Files\MATLAB\R2010a\bin\win64\icudt40.dll
0x000000007c8c0000 - 0x000000007c8d0000 	C:\Program Files\MATLAB\R2010a\bin\win64\icuio40.dll
0x000000007cb00000 - 0x000000007cc53000 	C:\Program Files\MATLAB\R2010a\bin\win64\icuin40.dll
0x0000000074170000 - 0x0000000074279000 	C:\Windows\WinSxS\amd64_microsoft.vc80.crt_1fc8b3b9a1e18e3b_8.0.50727.4927_none_88dce9872fb18caf\MSVCP80.dll
0x0000000077430000 - 0x000000007752a000 	C:\Windows\system32\USER32.dll
0x000007feff7d0000 - 0x000007feff837000 	C:\Windows\system32\GDI32.dll
0x000007fefdb30000 - 0x000007fefdb3e000 	C:\Windows\system32\LPK.dll
0x000007feff700000 - 0x000007feff7ca000 	C:\Windows\system32\USP10.dll
0x0000000078930000 - 0x0000000078a4e000 	C:\Program Files\MATLAB\R2010a\bin\win64\libmwfl.dll
0x00000000788c0000 - 0x00000000788fe000 	C:\Program Files\MATLAB\R2010a\bin\win64\tbb.dll
0x000000007e960000 - 0x000000007e96f000 	C:\Program Files\MATLAB\R2010a\bin\win64\boost_date_time-vc80-mt-1_36.dll
0x000000007ebf0000 - 0x000000007ec0d000 	C:\Program Files\MATLAB\R2010a\bin\win64\boost_filesystem-vc80-mt-1_36.dll
0x000000007dbd0000 - 0x000000007dbd9000 	C:\Program Files\MATLAB\R2010a\bin\win64\boost_system-vc80-mt-1_36.dll
0x000000007e940000 - 0x000000007e956000 	C:\Program Files\MATLAB\R2010a\bin\win64\boost_signals-vc80-mt-1_36.dll
0x000000007c890000 - 0x000000007c8a1000 	C:\Program Files\MATLAB\R2010a\bin\win64\boost_thread-vc80-mt-1_36.dll
0x000000007d010000 - 0x000000007d298000 	C:\Program Files\MATLAB\R2010a\bin\win64\libmwservices.dll
0x000000007cfa0000 - 0x000000007d00d000 	C:\Program Files\MATLAB\R2010a\bin\win64\libmx.dll
0x00000000792b0000 - 0x00000000792c7000 	C:\Program Files\MATLAB\R2010a\bin\win64\zlib1.dll
0x000000007d2a0000 - 0x000000007d37c000 	C:\Program Files\MATLAB\R2010a\bin\win64\libmwmathutil.dll
0x000000007a9b0000 - 0x000000007aa0e000 	C:\Program Files\MATLAB\R2010a\bin\win64\mpath.dll
0x000000007d690000 - 0x000000007d812000 	C:\Program Files\MATLAB\R2010a\bin\win64\mlutil.dll
0x000000007e860000 - 0x000000007e8ec000 	C:\Program Files\MATLAB\R2010a\bin\win64\xmlcore.dll
0x000000007a320000 - 0x000000007a5b5000 	C:\Program Files\MATLAB\R2010a\bin\win64\xerces-c_2_7.dll
0x000007fefe120000 - 0x000007fefe16d000 	C:\Windows\system32\WS2_32.dll
0x000007fefdbc0000 - 0x000007fefdbc8000 	C:\Windows\system32\NSI.dll
0x000007fefe420000 - 0x000007feff1a6000 	C:\Windows\system32\SHELL32.dll
0x000007fefdab0000 - 0x000007fefdb21000 	C:\Windows\system32\SHLWAPI.dll
0x000007fefd7c0000 - 0x000007fefd860000 	C:\Windows\WinSxS\amd64_microsoft.windows.common-controls_6595b64144ccf1df_5.82.7600.16385_none_a44af8ec57f961cf\COMCTL32.dll
0x000007feff2c0000 - 0x000007feff358000 	C:\Windows\system32\comdlg32.dll
0x000007fefa550000 - 0x000007fefa566000 	C:\Windows\system32\NETAPI32.dll
0x000007fefa540000 - 0x000007fefa54c000 	C:\Windows\system32\netutils.dll
0x000007fefcf30000 - 0x000007fefcf53000 	C:\Windows\system32\srvcli.dll
0x000007fefa680000 - 0x000007fefa695000 	C:\Windows\system32\wkscli.dll
0x000000007ad90000 - 0x000000007ae2e000 	C:\Program Files\MATLAB\R2010a\bin\win64\mcr.dll
0x0000000001300000 - 0x0000000001325000 	C:\Program Files\MATLAB\R2010a\bin\win64\libmwi18n.dll
0x000000007c8d0000 - 0x000000007c983000 	C:\Program Files\MATLAB\R2010a\bin\win64\iqm.dll
0x000000007b500000 - 0x000000007bdb0000 	C:\Program Files\MATLAB\R2010a\bin\win64\m_interpreter.dll
0x000000007c9b0000 - 0x000000007c9c6000 	C:\Program Files\MATLAB\R2010a\bin\win64\libmex.dll
0x000000007abf0000 - 0x000000007aca4000 	C:\Program Files\MATLAB\R2010a\bin\win64\m_dispatcher.dll
0x000000007ead0000 - 0x000000007ebc1000 	C:\Program Files\MATLAB\R2010a\bin\win64\boost_regex-vc80-mt-1_36.dll
0x000000007aa90000 - 0x000000007ab27000 	C:\Program Files\MATLAB\R2010a\bin\win64\profiler.dll
0x000000007ca40000 - 0x000000007ca71000 	C:\Program Files\MATLAB\R2010a\bin\win64\libmwmathrng.dll
0x0000000079200000 - 0x000000007921a000 	C:\Program Files\MATLAB\R2010a\bin\win64\m_pcodeio.dll
0x000000007a960000 - 0x000000007a9ad000 	C:\Program Files\MATLAB\R2010a\bin\win64\m_ir.dll
0x000000007aef0000 - 0x000000007b4f1000 	C:\Program Files\MATLAB\R2010a\bin\win64\m_parser.dll
0x000000007c990000 - 0x000000007c9a4000 	C:\Program Files\MATLAB\R2010a\bin\win64\ir_xfmr.dll
0x0000000078a50000 - 0x0000000078d2f000 	C:\Program Files\MATLAB\R2010a\bin\win64\mcos.dll
0x000000007ca90000 - 0x000000007ca9c000 	C:\Program Files\MATLAB\R2010a\bin\win64\mtok.dll
0x00000000791d0000 - 0x00000000791f6000 	C:\Program Files\MATLAB\R2010a\bin\win64\m_pcodegen.dll
0x0000000001420000 - 0x0000000001472000 	C:\Program Files\MATLAB\R2010a\bin\win64\libmwspmatrix.dll
0x000007fefb5c0000 - 0x000007fefb6e5000 	C:\Windows\system32\dbghelp.dll
0x0000000001490000 - 0x00000000014bc000 	C:\Program Files\MATLAB\R2010a\bin\win64\libmwbridge.dll
0x000000007c4f0000 - 0x000000007c5b7000 	C:\Program Files\MATLAB\R2010a\bin\win64\udd.dll
0x000000007d4b0000 - 0x000000007d604000 	C:\Program Files\MATLAB\R2010a\bin\win64\libmwgui.dll
0x0000000079320000 - 0x0000000079acf000 	C:\Program Files\MATLAB\R2010a\bin\win64\hg.dll
0x0000000079100000 - 0x0000000079150000 	C:\Program Files\MATLAB\R2010a\bin\win64\libmat.dll
0x000000007cc60000 - 0x000000007ce7b000 	C:\Program Files\MATLAB\R2010a\bin\win64\libhdf5.dll
0x000000007a860000 - 0x000000007a8e3000 	C:\Program Files\MATLAB\R2010a\bin\win64\jmi.dll
0x000000007a790000 - 0x000000007a7d6000 	C:\Program Files\MATLAB\R2010a\bin\win64\libmwhardcopy.dll
0x000000007a8f0000 - 0x000000007a959000 	C:\Program Files\MATLAB\R2010a\bin\win64\libuij.dll
0x0000000078730000 - 0x00000000788b3000 	C:\Program Files\MATLAB\R2010a\bin\win64\hgdatatypes.dll
0x0000000078670000 - 0x0000000078721000 	C:\Program Files\MATLAB\R2010a\bin\win64\hgutils.dll
0x0000000079150000 - 0x00000000791cc000 	C:\Program Files\MATLAB\R2010a\bin\win64\libmwlapack.dll
0x000000007c9e0000 - 0x000000007c9f3000 	C:\Program Files\MATLAB\R2010a\bin\win64\libmwbinder.dll
0x000000007c5c0000 - 0x000000007c881000 	C:\Program Files\MATLAB\R2010a\bin\win64\uiw.dll
0x000000007caf0000 - 0x000000007cafa000 	C:\Program Files\MATLAB\R2010a\bin\win64\uinone.dll
0x0000000071380000 - 0x000000007151c000 	C:\Windows\WinSxS\amd64_microsoft.vc80.mfc_1fc8b3b9a1e18e3b_8.0.50727.4053_none_8444db7d32915e4c\MFC80.DLL
0x000007fef95a0000 - 0x000007fef9610000 	C:\Windows\system32\WINSPOOL.DRV
0x000007fefdbd0000 - 0x000007fefddd1000 	C:\Windows\system32\ole32.dll
0x000007fefe040000 - 0x000007fefe117000 	C:\Windows\system32\OLEAUT32.dll
0x000000007ae30000 - 0x000000007aee6000 	C:\Program Files\MATLAB\R2010a\bin\win64\udd_mi.dll
0x0000000079220000 - 0x000000007923f000 	C:\Program Files\MATLAB\R2010a\bin\win64\mwoles05.DLL
0x000000007aa10000 - 0x000000007aa82000 	C:\Program Files\MATLAB\R2010a\bin\win64\comcli.dll
0x00000000751a0000 - 0x00000000751c0000 	C:\Windows\WinSxS\amd64_microsoft.vc80.atl_1fc8b3b9a1e18e3b_8.0.50727.4053_none_8a1a02152edb659b\ATL80.DLL
0x000000007ca80000 - 0x000000007ca8e000 	C:\Program Files\MATLAB\R2010a\bin\win64\mlautoregister.dll
0x000007fefe3f0000 - 0x000007fefe41e000 	C:\Windows\system32\IMM32.DLL
0x000007feff1b0000 - 0x000007feff2b9000 	C:\Windows\system32\MSCTF.dll
0x0000000075190000 - 0x000000007519d000 	C:\Windows\WinSxS\amd64_microsoft.vc80.mfcloc_1fc8b3b9a1e18e3b_8.0.50727.4053_none_bc1d1e5b0be08790\MFC80ENU.DLL
0x000007fefd490000 - 0x000007fefd49f000 	C:\Windows\system32\profapi.dll
0x000007fefbc30000 - 0x000007fefbc86000 	C:\Windows\system32\uxtheme.dll
0x000007fefacb0000 - 0x000007fefacd7000 	C:\Windows\system32\iphlpapi.dll
0x000007fefaca0000 - 0x000007fefacab000 	C:\Windows\system32\WINNSI.DLL
0x000007fefca70000 - 0x000007fefcacb000 	C:\Windows\system32\DNSAPI.dll
0x000007fefa220000 - 0x000007fefa231000 	C:\Windows\system32\dhcpcsvc6.DLL
0x000007fefa190000 - 0x000007fefa1a8000 	C:\Windows\system32\dhcpcsvc.DLL
0x000007fefd2f0000 - 0x000007fefd315000 	C:\Windows\system32\SspiCli.dll
0x0000000075180000 - 0x0000000075183000 	C:\Windows\system32\icmp.Dll
0x000007fefd380000 - 0x000007fefd38f000 	C:\Windows\system32\CRYPTBASE.dll
0x000007fefd6d0000 - 0x000007fefd706000 	C:\Windows\system32\CFGMGR32.dll
0x000000006d7f0000 - 0x000000006dda8000 	C:\Program Files\MATLAB\R2010a\sys\java\jre\win64\jre\bin\server\jvm.dll
0x000007fefb4a0000 - 0x000007fefb4db000 	C:\Windows\system32\WINMM.dll
0x000007fefb320000 - 0x000007fefb338000 	C:\Windows\system32\dwmapi.dll
0x000000007aba0000 - 0x000000007abaa000 	C:\Program Files\MATLAB\R2010a\sys\java\jre\win64\jre\bin\hpi.dll
0x000000007abc0000 - 0x000000007abce000 	C:\Program Files\MATLAB\R2010a\sys\java\jre\win64\jre\bin\verify.dll
0x00000000792d0000 - 0x00000000792f7000 	C:\Program Files\MATLAB\R2010a\sys\java\jre\win64\jre\bin\java.dll
0x000000007abd0000 - 0x000000007abe2000 	C:\Program Files\MATLAB\R2010a\sys\java\jre\win64\jre\bin\zip.dll
0x0000000079240000 - 0x000000007926b000 	C:\Program Files\MATLAB\R2010a\bin\win64\nativejava.dll
0x000007fefac40000 - 0x000007fefac58000 	C:\Windows\system32\MPR.dll
0x0000000079270000 - 0x00000000792a7000 	C:\Program Files\MATLAB\R2010a\bin\win64\nativejmi.dll
0x000000007cae0000 - 0x000000007caed000 	C:\Program Files\MATLAB\R2010a\bin\win64\nativeservices.dll
0x000000007a5c0000 - 0x000000007a782000 	C:\Program Files\MATLAB\R2010a\sys\java\jre\win64\jre\bin\awt.dll
0x000000007acb0000 - 0x000000007ad1b000 	C:\Program Files\MATLAB\R2010a\sys\java\jre\win64\jre\bin\fontmanager.dll
0x0000000079300000 - 0x0000000079317000 	C:\Program Files\MATLAB\R2010a\sys\java\jre\win64\jre\bin\net.dll
0x000007fefcc40000 - 0x000007fefcc94000 	C:\Windows\system32\mswsock.dll
0x000007fefce40000 - 0x000007fefce47000 	C:\Windows\System32\wship6.dll
0x000000007abb0000 - 0x000000007abbb000 	C:\Program Files\MATLAB\R2010a\sys\java\jre\win64\jre\bin\nio.dll
0x0000000078300000 - 0x0000000078310000 	C:\Program Files\MATLAB\R2010a\bin\win64\nativelmgr.dll
0x000000007dab0000 - 0x000000007dae5000 	C:\Program Files\MATLAB\R2010a\sys\java\jre\win64\jre\bin\jpeg.dll
0x0000000078310000 - 0x00000000784b8000 	C:\Program Files\MATLAB\R2010a\bin\win64\instutil.dll
0x000007fefb7f0000 - 0x000007fefb805000 	C:\Windows\system32\NLAapi.dll
0x000007fef8f60000 - 0x000007fef8f6b000 	C:\Windows\System32\winrnr.dll
0x000007fef8f40000 - 0x000007fef8f55000 	C:\Windows\system32\napinsp.dll
0x000007fef8f20000 - 0x000007fef8f39000 	C:\Windows\system32\pnrpnsp.dll
0x0000000074880000 - 0x00000000748ae000 	c:\Program Files\Common Files\Microsoft Shared\Windows Live\WLIDNSP.DLL

VM Arguments:
jvm_args: -Xss512k -XX:PermSize=32m -Xms64m -XX:NewRatio=3 -XX:MaxPermSize=128m -Xmx196m -XX:MaxDirectMemorySize=2147400000 -Dsun.java2d.noddraw=true -Dsun.awt.nopixfmt=true -Xshare:off -Xrs -Djava.library.path=C:\Program Files\MATLAB\R2010a\bin\win64 vfprintf abort 
java_command: <unknown>
Launcher Type: generic

Environment Variables:
PATH=ommonProgramFiles\Microsoft Shared\Windows Live;C:\Windows\system32;C:\Windows;C:\Windows\System32\Wbem;C:\Windows\System32\WindowsPowerShell\v1.0\;c:\Program Files (x86)\Common Files\Roxio Shared\10.0\DLLShared\;c:\Program Files (x86)\Common Files\Roxio Shared\DLLShared\;C:\Program Files\MATLAB\R2010a\bin;C:\Program Files\MATLAB\R2009b\bin;c:\Program Files (x86)\Microsoft SQL Server\90\Tools\binn\
USERNAME=sbrahnam
OS=Windows_NT
PROCESSOR_IDENTIFIER=Intel64 Family 6 Model 30 Stepping 5, GenuineIntel



---------------  S Y S T E M  ---------------

OS: Windows NT 6.1 Build 7600 

CPU:total 8 (8 cores per cpu, 2 threads per core) family 6 model 14 stepping 5, cmov, cx8, fxsr, mmx, sse, sse2, sse3, ssse3, ht

Memory: 4k page, physical 8379512k(3137988k free), swap 16757128k(11188456k free)

vm_info: Java HotSpot(TM) 64-Bit Server VM (11.2-b01) for windows-amd64 JRE (1.6.0_12-b04), built on Jan 17 2009 01:49:05 by "java_re" with MS VC++ 8.0

time: Thu Apr 08 13:48:15 2010
elapsed time: 172804 seconds

